<?xml version="1.0" encoding="UTF-8"?>
<!-- Generated by org.testng.reporters.JUnitReportReporter -->
<testsuite skipped="1" hostname="LAPTOP-EUU5Q1J4" name="testing.LoginTest" tests="1" failures="0" timestamp="2020-05-29T16:43:33 IST" time="0.000" errors="0">
  <testcase name="f" time="0.000" classname="testing.LoginTest">
    <skipped/>
  </testcase> <!-- f -->
</testsuite> <!-- testing.LoginTest -->
